<?xml version="1.0" encoding="UTF-8"?>
<testng-results ignored="0" total="1" passed="1" failed="0" skipped="0">
  <reporter-output>
  </reporter-output>
  <suite started-at="2023-08-28T15:51:24 IST" name="DragAndDropTestSuite" finished-at="2023-08-28T15:51:48 IST" duration-ms="23877">
    <groups>
    </groups>
    <test started-at="2023-08-28T15:51:24 IST" name="DragAndDropTests" finished-at="2023-08-28T15:51:48 IST" duration-ms="23877">
      <class name="com.herokuapp.theinternet.draganddroptests.DragAndDropTests">
        <test-method is-config="true" signature="setUp(java.lang.String,org.testng.ITestContext)[pri:0, instance:com.herokuapp.theinternet.draganddroptests.DragAndDropTests@3349e9bb]" started-at="2023-08-28T15:51:24 IST" name="setUp" finished-at="2023-08-28T15:51:43 IST" duration-ms="18848" status="PASS">
          <params>
            <param index="0">
              <value>
                <![CDATA[chrome]]>
              </value>
            </param>
            <param index="1">
              <value>
                <![CDATA[org.testng.TestRunner@421056e5]]>
              </value>
            </param>
          </params>
          <reporter-output>
          </reporter-output>
        </test-method> <!-- setUp -->
        <test-method signature="dragAToBTest()[pri:0, instance:com.herokuapp.theinternet.draganddroptests.DragAndDropTests@3349e9bb]" started-at="2023-08-28T15:51:43 IST" name="dragAToBTest" finished-at="2023-08-28T15:51:47 IST" duration-ms="4310" status="PASS">
          <reporter-output>
          </reporter-output>
        </test-method> <!-- dragAToBTest -->
        <test-method is-config="true" signature="tearDown()[pri:0, instance:com.herokuapp.theinternet.draganddroptests.DragAndDropTests@3349e9bb]" started-at="2023-08-28T15:51:47 IST" name="tearDown" finished-at="2023-08-28T15:51:48 IST" duration-ms="630" status="PASS">
          <reporter-output>
          </reporter-output>
        </test-method> <!-- tearDown -->
      </class> <!-- com.herokuapp.theinternet.draganddroptests.DragAndDropTests -->
    </test> <!-- DragAndDropTests -->
  </suite> <!-- DragAndDropTestSuite -->
</testng-results>
